2020-02-17T00:02:40+00:00 CRITICAL Uncaught TypeError: Argument 1 passed to Elementor\Controls_Stack::sanitize_settings() must be of the type array, null given, called in /var/www/html/wp-cisurg/ead/wp-content/plugins/elementor/includes/base/controls-stack.php on line 1039 and defined in /var/www/html/wp-cisurg/ead/wp-content/plugins/elementor/includes/base/controls-stack.php:1995
Stack trace:
#0 /var/www/html/wp-cisurg/ead/wp-content/plugins/elementor/includes/base/controls-stack.php(1039): Elementor\Controls_Stack->sanitize_settings(NULL)
#1 /var/www/html/wp-cisurg/ead/wp-content/plugins/elementor/includes/base/element-base.php(730): Elementor\Controls_Stack->get_data()
#2 /var/www/html/wp-cisurg/ead/wp-content/plugins/elementor/includes/base/widget-base.php(635): Elementor\Element_Base->get_raw_data(false)
#3 /var/www/html/wp-cisurg/ead/wp-content/plugins/elementor/includes/base/element-base.php(735): Elementor\Widget_Base->get_raw_data(false)
#4 /var/www/html/wp-cisurg/ead/wp-content/plugins/elementor/includes/base/element-base.php(735): E, em /var/www/html/wp-cisurg/ead/wp-content/plugins/elementor/includes/base/controls-stack.php, na linha 1995

2020-02-17T00:08:23+00:00 CRITICAL Uncaught TypeError: Argument 1 passed to Elementor\Controls_Stack::sanitize_settings() must be of the type array, null given, called in /var/www/html/wp-cisurg/ead/wp-content/plugins/elementor/includes/base/controls-stack.php on line 1039 and defined in /var/www/html/wp-cisurg/ead/wp-content/plugins/elementor/includes/base/controls-stack.php:1995
Stack trace:
#0 /var/www/html/wp-cisurg/ead/wp-content/plugins/elementor/includes/base/controls-stack.php(1039): Elementor\Controls_Stack->sanitize_settings(NULL)
#1 /var/www/html/wp-cisurg/ead/wp-content/plugins/elementor/includes/base/element-base.php(730): Elementor\Controls_Stack->get_data()
#2 /var/www/html/wp-cisurg/ead/wp-content/plugins/elementor/includes/base/widget-base.php(635): Elementor\Element_Base->get_raw_data(false)
#3 /var/www/html/wp-cisurg/ead/wp-content/plugins/elementor/includes/base/element-base.php(735): Elementor\Widget_Base->get_raw_data(false)
#4 /var/www/html/wp-cisurg/ead/wp-content/plugins/elementor/includes/base/element-base.php(735): E, em /var/www/html/wp-cisurg/ead/wp-content/plugins/elementor/includes/base/controls-stack.php, na linha 1995

2020-02-17T00:13:07+00:00 CRITICAL Uncaught TypeError: Argument 1 passed to Elementor\Controls_Stack::sanitize_settings() must be of the type array, null given, called in /var/www/html/wp-cisurg/ead/wp-content/plugins/elementor/includes/base/controls-stack.php on line 1039 and defined in /var/www/html/wp-cisurg/ead/wp-content/plugins/elementor/includes/base/controls-stack.php:1995
Stack trace:
#0 /var/www/html/wp-cisurg/ead/wp-content/plugins/elementor/includes/base/controls-stack.php(1039): Elementor\Controls_Stack->sanitize_settings(NULL)
#1 /var/www/html/wp-cisurg/ead/wp-content/plugins/elementor/includes/base/element-base.php(730): Elementor\Controls_Stack->get_data()
#2 /var/www/html/wp-cisurg/ead/wp-content/plugins/elementor/includes/base/widget-base.php(635): Elementor\Element_Base->get_raw_data(false)
#3 /var/www/html/wp-cisurg/ead/wp-content/plugins/elementor/includes/base/element-base.php(735): Elementor\Widget_Base->get_raw_data(false)
#4 /var/www/html/wp-cisurg/ead/wp-content/plugins/elementor/includes/base/element-base.php(735): E, em /var/www/html/wp-cisurg/ead/wp-content/plugins/elementor/includes/base/controls-stack.php, na linha 1995

2020-02-17T00:20:23+00:00 CRITICAL Uncaught TypeError: Argument 1 passed to Elementor\Controls_Stack::sanitize_settings() must be of the type array, null given, called in /var/www/html/wp-cisurg/ead/wp-content/plugins/elementor/includes/base/controls-stack.php on line 1039 and defined in /var/www/html/wp-cisurg/ead/wp-content/plugins/elementor/includes/base/controls-stack.php:1995
Stack trace:
#0 /var/www/html/wp-cisurg/ead/wp-content/plugins/elementor/includes/base/controls-stack.php(1039): Elementor\Controls_Stack->sanitize_settings(NULL)
#1 /var/www/html/wp-cisurg/ead/wp-content/plugins/elementor/includes/base/element-base.php(730): Elementor\Controls_Stack->get_data()
#2 /var/www/html/wp-cisurg/ead/wp-content/plugins/elementor/includes/base/widget-base.php(635): Elementor\Element_Base->get_raw_data(false)
#3 /var/www/html/wp-cisurg/ead/wp-content/plugins/elementor/includes/base/element-base.php(735): Elementor\Widget_Base->get_raw_data(false)
#4 /var/www/html/wp-cisurg/ead/wp-content/plugins/elementor/includes/base/element-base.php(735): E, em /var/www/html/wp-cisurg/ead/wp-content/plugins/elementor/includes/base/controls-stack.php, na linha 1995

